<?xml version="1.0" encoding="UTF-8"?>
<testng-results skipped="0" failed="0" ignored="0" total="1" passed="1">
  <reporter-output>
  </reporter-output>
  <suite name="regression" duration-ms="16667" started-at="2020-09-18T18:09:04 IST" finished-at="2020-09-18T18:09:21 IST">
    <groups>
    </groups>
    <test name="regression test" duration-ms="16667" started-at="2020-09-18T18:09:04 IST" finished-at="2020-09-18T18:09:21 IST">
      <class name="TestDemo.TestJUnitd">
        <test-method status="PASS" signature="test()[pri:0, instance:TestDemo.TestJUnitd@2038ae61]" name="test" duration-ms="16590" started-at="2020-09-18T18:09:04 IST" finished-at="2020-09-18T18:09:20 IST">
          <reporter-output>
          </reporter-output>
        </test-method> <!-- test -->
      </class> <!-- TestDemo.TestJUnitd -->
    </test> <!-- regression test -->
  </suite> <!-- regression -->
</testng-results>
